     1                                          		ORG		0x7c00			
     2 00007C00                                 
     3 00007C00 EB 4E                           		JMP		entry
     4 00007C02 90                              		DB		0x90
     5 00007C03 48 45 4C 4C 4F 49 50 4C         		DB		"HELLOIPL"		
     6 00007C0B 0200                            		DW		512				
     7 00007C0D 01                              		DB		1				
     8 00007C0E 0001                            		DW		1				
     9 00007C10 02                              		DB		2				
    10 00007C11 00E0                            		DW		224				
    11 00007C13 0B40                            		DW		2880			
    12 00007C15 F0                              		DB		0xf0			
    13 00007C16 0009                            		DW		9				
    14 00007C18 0012                            		DW		18				
    15 00007C1A 0002                            		DW		2				
    16 00007C1C 00000000                        		DD		0				
    17 00007C20 00000B40                        		DD		2880			
    18 00007C24 00 00 29                        		DB		0,0,0x29		
    19 00007C27 FFFFFFFF                        		DD		0xffffffff		
    20 00007C2B 48 45 4C 4C 4F 2D 4F 53 20 20   		DB		"HELLO-OS   "	
       00007C35 20 
    21 00007C36 46 41 54 31 32 20 20 20         		DB		"FAT12   "		
    22 00007C3E 00 00 00 00 00 00 00 00 00 00   		RESB	18				
       00007C48 00 00 00 00 00 00 00 00 
    23 00007C50                                 
    24 00007C50                                 entry:
    25 00007C50 B8 0000                         		MOV		AX,0			
    26 00007C53 8E D0                           		MOV		SS,AX
    27 00007C55 BC 7C00                         		MOV		SP,0x7c00
    28 00007C58 8E D8                           		MOV		DS,AX
    29 00007C5A 8E C0                           		MOV		ES,AX
    30 00007C5C BE 7C74                         		MOV		SI,msg
    31 00007C5F                                 putloop:
    32 00007C5F 8A 04                           		MOV		AL,[SI]
    33 00007C61 83 C6 01                        		ADD		SI,1			
    34 00007C64 3C 00                           		CMP		AL,0
    35 00007C66 74 09                           		JE		fin
    36 00007C68 B4 0E                           		MOV		AH,0x0e			
    37 00007C6A BB 000F                         		MOV		BX,15			
    38 00007C6D CD 10                           		INT		0x10			
    39 00007C6F EB EE                           		JMP		putloop
    40 00007C71                                 fin:
    41 00007C71 F4                              		HLT						
    42 00007C72 EB FD                           		JMP		fin				
    43 00007C74                                 msg:
    44 00007C74 0A 0A                           		DB		0x0a, 0x0a		
    45 00007C76 73 75 7A 61 6B 75 20 48 65 6C   		DB		"suzaku Hello. I'm a god."
       00007C80 6C 6F 2E 20 49 27 6D 20 61 20 
       00007C8A 67 6F 64 2E 
    46 00007C8E 0A                              		DB		0x0a			
    47 00007C8F 00                              		DB		0
    48 00007C90 00 00 00 00 00 00 00 00 00 00   		RESB	0x7dfe-$		
       00007C9A 00 00 00 00 00 00 00 00 00 00 
       00007CA4 00 00 00 00 00 00 00 00 00 00 
       00007CAE 00 00 00 00 00 00 00 00 00 00 
       00007CB8 00 00 00 00 00 00 00 00 00 00 
       00007CC2 00 00 00 00 00 00 00 00 00 00 
       00007CCC 00 00 00 00 00 00 00 00 00 00 
       00007CD6 00 00 00 00 00 00 00 00 00 00 
       00007CE0 00 00 00 00 00 00 00 00 00 00 
       00007CEA 00 00 00 00 00 00 00 00 00 00 
       00007CF4 00 00 00 00 00 00 00 00 00 00 
       00007CFE 00 00 00 00 00 00 00 00 00 00 
       00007D08 00 00 00 00 00 00 00 00 00 00 
       00007D12 00 00 00 00 00 00 00 00 00 00 
       00007D1C 00 00 00 00 00 00 00 00 00 00 
       00007D26 00 00 00 00 00 00 00 00 00 00 
       00007D30 00 00 00 00 00 00 00 00 00 00 
       00007D3A 00 00 00 00 00 00 00 00 00 00 
       00007D44 00 00 00 00 00 00 00 00 00 00 
       00007D4E 00 00 00 00 00 00 00 00 00 00 
       00007D58 00 00 00 00 00 00 00 00 00 00 
       00007D62 00 00 00 00 00 00 00 00 00 00 
       00007D6C 00 00 00 00 00 00 00 00 00 00 
       00007D76 00 00 00 00 00 00 00 00 00 00 
       00007D80 00 00 00 00 00 00 00 00 00 00 
       00007D8A 00 00 00 00 00 00 00 00 00 00 
       00007D94 00 00 00 00 00 00 00 00 00 00 
       00007D9E 00 00 00 00 00 00 00 00 00 00 
       00007DA8 00 00 00 00 00 00 00 00 00 00 
       00007DB2 00 00 00 00 00 00 00 00 00 00 
       00007DBC 00 00 00 00 00 00 00 00 00 00 
       00007DC6 00 00 00 00 00 00 00 00 00 00 
       00007DD0 00 00 00 00 00 00 00 00 00 00 
       00007DDA 00 00 00 00 00 00 00 00 00 00 
       00007DE4 00 00 00 00 00 00 00 00 00 00 
       00007DEE 00 00 00 00 00 00 00 00 00 00 
       00007DF8 00 00 00 00 00 00 
    49 00007DFE 55 AA                           		DB		0x55, 0xaa
